<?xml version="1.0" encoding="UTF-8"?>
<testsuite xmlns:xsi="http://www.w3.org/2001/XMLSchema-instance" xsi:noNamespaceSchemaLocation="https://maven.apache.org/surefire/maven-surefire-plugin/xsd/surefire-test-report-3.0.xsd" version="3.0" name="testRunner.RunCucumberTest" time="294.796" tests="1" errors="0" skipped="0" failures="0">
  <properties>
    <property name="java.specification.version" value="21"/>
    <property name="sun.cpu.isalist" value="amd64"/>
    <property name="sun.jnu.encoding" value="Cp1252"/>
    <property name="java.class.path" value="C:\Users\Erisa R. Widiya\Desktop\automationScript3\target\test-classes;C:\Users\Erisa R. Widiya\Desktop\automationScript3\target\classes;C:\Users\Erisa R. Widiya\.m2\repository\io\cucumber\cucumber-java\7.16.1\cucumber-java-7.16.1.jar;C:\Users\Erisa R. Widiya\.m2\repository\io\cucumber\cucumber-core\7.16.1\cucumber-core-7.16.1.jar;C:\Users\Erisa R. Widiya\.m2\repository\io\cucumber\cucumber-gherkin\7.16.1\cucumber-gherkin-7.16.1.jar;C:\Users\Erisa R. Widiya\.m2\repository\io\cucumber\cucumber-gherkin-messages\7.16.1\cucumber-gherkin-messages-7.16.1.jar;C:\Users\Erisa R. Widiya\.m2\repository\io\cucumber\gherkin\28.0.0\gherkin-28.0.0.jar;C:\Users\Erisa R. Widiya\.m2\repository\io\cucumber\messages\24.1.0\messages-24.1.0.jar;C:\Users\Erisa R. Widiya\.m2\repository\io\cucumber\tag-expressions\6.1.0\tag-expressions-6.1.0.jar;C:\Users\Erisa R. Widiya\.m2\repository\io\cucumber\cucumber-expressions\17.1.0\cucumber-expressions-17.1.0.jar;C:\Users\Erisa R. Widiya\.m2\repository\io\cucumber\datatable\7.16.1\datatable-7.16.1.jar;C:\Users\Erisa R. Widiya\.m2\repository\io\cucumber\cucumber-plugin\7.16.1\cucumber-plugin-7.16.1.jar;C:\Users\Erisa R. Widiya\.m2\repository\io\cucumber\docstring\7.16.1\docstring-7.16.1.jar;C:\Users\Erisa R. Widiya\.m2\repository\io\cucumber\html-formatter\21.3.0\html-formatter-21.3.0.jar;C:\Users\Erisa R. Widiya\.m2\repository\io\cucumber\junit-xml-formatter\0.3.0\junit-xml-formatter-0.3.0.jar;C:\Users\Erisa R. Widiya\.m2\repository\io\cucumber\ci-environment\10.0.1\ci-environment-10.0.1.jar;C:\Users\Erisa R. Widiya\.m2\repository\org\apiguardian\apiguardian-api\1.1.2\apiguardian-api-1.1.2.jar;C:\Users\Erisa R. Widiya\.m2\repository\io\cucumber\cucumber-junit-platform-engine\7.16.1\cucumber-junit-platform-engine-7.16.1.jar;C:\Users\Erisa R. Widiya\.m2\repository\org\junit\platform\junit-platform-engine\1.10.2\junit-platform-engine-1.10.2.jar;C:\Users\Erisa R. Widiya\.m2\repository\org\opentest4j\opentest4j\1.3.0\opentest4j-1.3.0.jar;C:\Users\Erisa R. Widiya\.m2\repository\org\junit\platform\junit-platform-commons\1.10.2\junit-platform-commons-1.10.2.jar;C:\Users\Erisa R. Widiya\.m2\repository\org\junit\platform\junit-platform-suite\1.10.2\junit-platform-suite-1.10.2.jar;C:\Users\Erisa R. Widiya\.m2\repository\org\junit\platform\junit-platform-suite-api\1.10.2\junit-platform-suite-api-1.10.2.jar;C:\Users\Erisa R. Widiya\.m2\repository\org\junit\platform\junit-platform-suite-engine\1.10.2\junit-platform-suite-engine-1.10.2.jar;C:\Users\Erisa R. Widiya\.m2\repository\org\junit\platform\junit-platform-suite-commons\1.10.2\junit-platform-suite-commons-1.10.2.jar;C:\Users\Erisa R. Widiya\.m2\repository\org\junit\platform\junit-platform-launcher\1.10.2\junit-platform-launcher-1.10.2.jar;C:\Users\Erisa R. Widiya\.m2\repository\org\junit\jupiter\junit-jupiter\5.10.2\junit-jupiter-5.10.2.jar;C:\Users\Erisa R. Widiya\.m2\repository\org\junit\jupiter\junit-jupiter-api\5.10.2\junit-jupiter-api-5.10.2.jar;C:\Users\Erisa R. Widiya\.m2\repository\org\junit\jupiter\junit-jupiter-params\5.10.2\junit-jupiter-params-5.10.2.jar;C:\Users\Erisa R. Widiya\.m2\repository\org\junit\jupiter\junit-jupiter-engine\5.10.2\junit-jupiter-engine-5.10.2.jar;C:\Users\Erisa R. Widiya\.m2\repository\org\seleniumhq\selenium\selenium-java\4.19.1\selenium-java-4.19.1.jar;C:\Users\Erisa R. Widiya\.m2\repository\org\seleniumhq\selenium\selenium-api\4.19.1\selenium-api-4.19.1.jar;C:\Users\Erisa R. Widiya\.m2\repository\org\seleniumhq\selenium\selenium-chrome-driver\4.19.1\selenium-chrome-driver-4.19.1.jar;C:\Users\Erisa R. Widiya\.m2\repository\com\google\auto\service\auto-service-annotations\1.1.1\auto-service-annotations-1.1.1.jar;C:\Users\Erisa R. Widiya\.m2\repository\org\seleniumhq\selenium\selenium-chromium-driver\4.19.1\selenium-chromium-driver-4.19.1.jar;C:\Users\Erisa R. Widiya\.m2\repository\org\seleniumhq\selenium\selenium-json\4.19.1\selenium-json-4.19.1.jar;C:\Users\Erisa R. Widiya\.m2\repository\org\seleniumhq\selenium\selenium-manager\4.19.1\selenium-manager-4.19.1.jar;C:\Users\Erisa R. Widiya\.m2\repository\org\seleniumhq\selenium\selenium-devtools-v121\4.19.1\selenium-devtools-v121-4.19.1.jar;C:\Users\Erisa R. Widiya\.m2\repository\org\seleniumhq\selenium\selenium-devtools-v122\4.19.1\selenium-devtools-v122-4.19.1.jar;C:\Users\Erisa R. Widiya\.m2\repository\org\seleniumhq\selenium\selenium-devtools-v123\4.19.1\selenium-devtools-v123-4.19.1.jar;C:\Users\Erisa R. Widiya\.m2\repository\org\seleniumhq\selenium\selenium-devtools-v85\4.19.1\selenium-devtools-v85-4.19.1.jar;C:\Users\Erisa R. Widiya\.m2\repository\org\seleniumhq\selenium\selenium-edge-driver\4.19.1\selenium-edge-driver-4.19.1.jar;C:\Users\Erisa R. Widiya\.m2\repository\org\seleniumhq\selenium\selenium-firefox-driver\4.19.1\selenium-firefox-driver-4.19.1.jar;C:\Users\Erisa R. Widiya\.m2\repository\org\seleniumhq\selenium\selenium-http\4.19.1\selenium-http-4.19.1.jar;C:\Users\Erisa R. Widiya\.m2\repository\dev\failsafe\failsafe\3.3.2\failsafe-3.3.2.jar;C:\Users\Erisa R. Widiya\.m2\repository\org\seleniumhq\selenium\selenium-ie-driver\4.19.1\selenium-ie-driver-4.19.1.jar;C:\Users\Erisa R. Widiya\.m2\repository\org\seleniumhq\selenium\selenium-remote-driver\4.19.1\selenium-remote-driver-4.19.1.jar;C:\Users\Erisa R. Widiya\.m2\repository\com\google\guava\guava\33.1.0-jre\guava-33.1.0-jre.jar;C:\Users\Erisa R. Widiya\.m2\repository\com\google\guava\failureaccess\1.0.2\failureaccess-1.0.2.jar;C:\Users\Erisa R. Widiya\.m2\repository\com\google\guava\listenablefuture\9999.0-empty-to-avoid-conflict-with-guava\listenablefuture-9999.0-empty-to-avoid-conflict-with-guava.jar;C:\Users\Erisa R. Widiya\.m2\repository\com\google\code\findbugs\jsr305\3.0.2\jsr305-3.0.2.jar;C:\Users\Erisa R. Widiya\.m2\repository\org\checkerframework\checker-qual\3.42.0\checker-qual-3.42.0.jar;C:\Users\Erisa R. Widiya\.m2\repository\com\google\errorprone\error_prone_annotations\2.26.1\error_prone_annotations-2.26.1.jar;C:\Users\Erisa R. Widiya\.m2\repository\com\google\j2objc\j2objc-annotations\3.0.0\j2objc-annotations-3.0.0.jar;C:\Users\Erisa R. Widiya\.m2\repository\io\opentelemetry\semconv\opentelemetry-semconv\1.23.1-alpha\opentelemetry-semconv-1.23.1-alpha.jar;C:\Users\Erisa R. Widiya\.m2\repository\io\opentelemetry\opentelemetry-api\1.36.0\opentelemetry-api-1.36.0.jar;C:\Users\Erisa R. Widiya\.m2\repository\io\opentelemetry\opentelemetry-context\1.36.0\opentelemetry-context-1.36.0.jar;C:\Users\Erisa R. Widiya\.m2\repository\io\opentelemetry\opentelemetry-exporter-logging\1.36.0\opentelemetry-exporter-logging-1.36.0.jar;C:\Users\Erisa R. Widiya\.m2\repository\io\opentelemetry\opentelemetry-sdk-common\1.36.0\opentelemetry-sdk-common-1.36.0.jar;C:\Users\Erisa R. Widiya\.m2\repository\io\opentelemetry\opentelemetry-sdk-extension-autoconfigure-spi\1.36.0\opentelemetry-sdk-extension-autoconfigure-spi-1.36.0.jar;C:\Users\Erisa R. Widiya\.m2\repository\io\opentelemetry\opentelemetry-sdk-extension-autoconfigure\1.36.0\opentelemetry-sdk-extension-autoconfigure-1.36.0.jar;C:\Users\Erisa R. Widiya\.m2\repository\io\opentelemetry\opentelemetry-api-events\1.36.0-alpha\opentelemetry-api-events-1.36.0-alpha.jar;C:\Users\Erisa R. Widiya\.m2\repository\io\opentelemetry\opentelemetry-sdk-trace\1.36.0\opentelemetry-sdk-trace-1.36.0.jar;C:\Users\Erisa R. Widiya\.m2\repository\io\opentelemetry\opentelemetry-extension-incubator\1.36.0-alpha\opentelemetry-extension-incubator-1.36.0-alpha.jar;C:\Users\Erisa R. Widiya\.m2\repository\io\opentelemetry\opentelemetry-sdk\1.36.0\opentelemetry-sdk-1.36.0.jar;C:\Users\Erisa R. Widiya\.m2\repository\io\opentelemetry\opentelemetry-sdk-metrics\1.36.0\opentelemetry-sdk-metrics-1.36.0.jar;C:\Users\Erisa R. Widiya\.m2\repository\io\opentelemetry\opentelemetry-sdk-logs\1.36.0\opentelemetry-sdk-logs-1.36.0.jar;C:\Users\Erisa R. Widiya\.m2\repository\net\bytebuddy\byte-buddy\1.14.12\byte-buddy-1.14.12.jar;C:\Users\Erisa R. Widiya\.m2\repository\org\seleniumhq\selenium\selenium-os\4.19.1\selenium-os-4.19.1.jar;C:\Users\Erisa R. Widiya\.m2\repository\org\apache\commons\commons-exec\1.3\commons-exec-1.3.jar;C:\Users\Erisa R. Widiya\.m2\repository\org\seleniumhq\selenium\selenium-safari-driver\4.19.1\selenium-safari-driver-4.19.1.jar;C:\Users\Erisa R. Widiya\.m2\repository\org\seleniumhq\selenium\selenium-support\4.19.1\selenium-support-4.19.1.jar;"/>
    <property name="java.vm.vendor" value="Oracle Corporation"/>
    <property name="sun.arch.data.model" value="64"/>
    <property name="user.variant" value=""/>
    <property name="java.vendor.url" value="https://java.oracle.com/"/>
    <property name="user.timezone" value="Asia/Jakarta"/>
    <property name="user.country.format" value="ID"/>
    <property name="os.name" value="Windows 10"/>
    <property name="java.vm.specification.version" value="21"/>
    <property name="sun.java.launcher" value="SUN_STANDARD"/>
    <property name="user.country" value="US"/>
    <property name="sun.boot.library.path" value="C:\Program Files\Java\jdk-21\bin"/>
    <property name="sun.java.command" value="C:\Users\Erisa R. Widiya\AppData\Local\Temp\surefire6891524567164347123\surefirebooter-20240423183509619_3.jar C:\Users\Erisa R. Widiya\AppData\Local\Temp\surefire6891524567164347123 2024-04-23T18-35-08_709-jvmRun1 surefire-20240423183509619_1tmp surefire_0-20240423183509619_2tmp"/>
    <property name="jdk.debug" value="release"/>
    <property name="surefire.test.class.path" value="C:\Users\Erisa R. Widiya\Desktop\automationScript3\target\test-classes;C:\Users\Erisa R. Widiya\Desktop\automationScript3\target\classes;C:\Users\Erisa R. Widiya\.m2\repository\io\cucumber\cucumber-java\7.16.1\cucumber-java-7.16.1.jar;C:\Users\Erisa R. Widiya\.m2\repository\io\cucumber\cucumber-core\7.16.1\cucumber-core-7.16.1.jar;C:\Users\Erisa R. Widiya\.m2\repository\io\cucumber\cucumber-gherkin\7.16.1\cucumber-gherkin-7.16.1.jar;C:\Users\Erisa R. Widiya\.m2\repository\io\cucumber\cucumber-gherkin-messages\7.16.1\cucumber-gherkin-messages-7.16.1.jar;C:\Users\Erisa R. Widiya\.m2\repository\io\cucumber\gherkin\28.0.0\gherkin-28.0.0.jar;C:\Users\Erisa R. Widiya\.m2\repository\io\cucumber\messages\24.1.0\messages-24.1.0.jar;C:\Users\Erisa R. Widiya\.m2\repository\io\cucumber\tag-expressions\6.1.0\tag-expressions-6.1.0.jar;C:\Users\Erisa R. Widiya\.m2\repository\io\cucumber\cucumber-expressions\17.1.0\cucumber-expressions-17.1.0.jar;C:\Users\Erisa R. Widiya\.m2\repository\io\cucumber\datatable\7.16.1\datatable-7.16.1.jar;C:\Users\Erisa R. Widiya\.m2\repository\io\cucumber\cucumber-plugin\7.16.1\cucumber-plugin-7.16.1.jar;C:\Users\Erisa R. Widiya\.m2\repository\io\cucumber\docstring\7.16.1\docstring-7.16.1.jar;C:\Users\Erisa R. Widiya\.m2\repository\io\cucumber\html-formatter\21.3.0\html-formatter-21.3.0.jar;C:\Users\Erisa R. Widiya\.m2\repository\io\cucumber\junit-xml-formatter\0.3.0\junit-xml-formatter-0.3.0.jar;C:\Users\Erisa R. Widiya\.m2\repository\io\cucumber\ci-environment\10.0.1\ci-environment-10.0.1.jar;C:\Users\Erisa R. Widiya\.m2\repository\org\apiguardian\apiguardian-api\1.1.2\apiguardian-api-1.1.2.jar;C:\Users\Erisa R. Widiya\.m2\repository\io\cucumber\cucumber-junit-platform-engine\7.16.1\cucumber-junit-platform-engine-7.16.1.jar;C:\Users\Erisa R. Widiya\.m2\repository\org\junit\platform\junit-platform-engine\1.10.2\junit-platform-engine-1.10.2.jar;C:\Users\Erisa R. Widiya\.m2\repository\org\opentest4j\opentest4j\1.3.0\opentest4j-1.3.0.jar;C:\Users\Erisa R. Widiya\.m2\repository\org\junit\platform\junit-platform-commons\1.10.2\junit-platform-commons-1.10.2.jar;C:\Users\Erisa R. Widiya\.m2\repository\org\junit\platform\junit-platform-suite\1.10.2\junit-platform-suite-1.10.2.jar;C:\Users\Erisa R. Widiya\.m2\repository\org\junit\platform\junit-platform-suite-api\1.10.2\junit-platform-suite-api-1.10.2.jar;C:\Users\Erisa R. Widiya\.m2\repository\org\junit\platform\junit-platform-suite-engine\1.10.2\junit-platform-suite-engine-1.10.2.jar;C:\Users\Erisa R. Widiya\.m2\repository\org\junit\platform\junit-platform-suite-commons\1.10.2\junit-platform-suite-commons-1.10.2.jar;C:\Users\Erisa R. Widiya\.m2\repository\org\junit\platform\junit-platform-launcher\1.10.2\junit-platform-launcher-1.10.2.jar;C:\Users\Erisa R. Widiya\.m2\repository\org\junit\jupiter\junit-jupiter\5.10.2\junit-jupiter-5.10.2.jar;C:\Users\Erisa R. Widiya\.m2\repository\org\junit\jupiter\junit-jupiter-api\5.10.2\junit-jupiter-api-5.10.2.jar;C:\Users\Erisa R. Widiya\.m2\repository\org\junit\jupiter\junit-jupiter-params\5.10.2\junit-jupiter-params-5.10.2.jar;C:\Users\Erisa R. Widiya\.m2\repository\org\junit\jupiter\junit-jupiter-engine\5.10.2\junit-jupiter-engine-5.10.2.jar;C:\Users\Erisa R. Widiya\.m2\repository\org\seleniumhq\selenium\selenium-java\4.19.1\selenium-java-4.19.1.jar;C:\Users\Erisa R. Widiya\.m2\repository\org\seleniumhq\selenium\selenium-api\4.19.1\selenium-api-4.19.1.jar;C:\Users\Erisa R. Widiya\.m2\repository\org\seleniumhq\selenium\selenium-chrome-driver\4.19.1\selenium-chrome-driver-4.19.1.jar;C:\Users\Erisa R. Widiya\.m2\repository\com\google\auto\service\auto-service-annotations\1.1.1\auto-service-annotations-1.1.1.jar;C:\Users\Erisa R. Widiya\.m2\repository\org\seleniumhq\selenium\selenium-chromium-driver\4.19.1\selenium-chromium-driver-4.19.1.jar;C:\Users\Erisa R. Widiya\.m2\repository\org\seleniumhq\selenium\selenium-json\4.19.1\selenium-json-4.19.1.jar;C:\Users\Erisa R. Widiya\.m2\repository\org\seleniumhq\selenium\selenium-manager\4.19.1\selenium-manager-4.19.1.jar;C:\Users\Erisa R. Widiya\.m2\repository\org\seleniumhq\selenium\selenium-devtools-v121\4.19.1\selenium-devtools-v121-4.19.1.jar;C:\Users\Erisa R. Widiya\.m2\repository\org\seleniumhq\selenium\selenium-devtools-v122\4.19.1\selenium-devtools-v122-4.19.1.jar;C:\Users\Erisa R. Widiya\.m2\repository\org\seleniumhq\selenium\selenium-devtools-v123\4.19.1\selenium-devtools-v123-4.19.1.jar;C:\Users\Erisa R. Widiya\.m2\repository\org\seleniumhq\selenium\selenium-devtools-v85\4.19.1\selenium-devtools-v85-4.19.1.jar;C:\Users\Erisa R. Widiya\.m2\repository\org\seleniumhq\selenium\selenium-edge-driver\4.19.1\selenium-edge-driver-4.19.1.jar;C:\Users\Erisa R. Widiya\.m2\repository\org\seleniumhq\selenium\selenium-firefox-driver\4.19.1\selenium-firefox-driver-4.19.1.jar;C:\Users\Erisa R. Widiya\.m2\repository\org\seleniumhq\selenium\selenium-http\4.19.1\selenium-http-4.19.1.jar;C:\Users\Erisa R. Widiya\.m2\repository\dev\failsafe\failsafe\3.3.2\failsafe-3.3.2.jar;C:\Users\Erisa R. Widiya\.m2\repository\org\seleniumhq\selenium\selenium-ie-driver\4.19.1\selenium-ie-driver-4.19.1.jar;C:\Users\Erisa R. Widiya\.m2\repository\org\seleniumhq\selenium\selenium-remote-driver\4.19.1\selenium-remote-driver-4.19.1.jar;C:\Users\Erisa R. Widiya\.m2\repository\com\google\guava\guava\33.1.0-jre\guava-33.1.0-jre.jar;C:\Users\Erisa R. Widiya\.m2\repository\com\google\guava\failureaccess\1.0.2\failureaccess-1.0.2.jar;C:\Users\Erisa R. Widiya\.m2\repository\com\google\guava\listenablefuture\9999.0-empty-to-avoid-conflict-with-guava\listenablefuture-9999.0-empty-to-avoid-conflict-with-guava.jar;C:\Users\Erisa R. Widiya\.m2\repository\com\google\code\findbugs\jsr305\3.0.2\jsr305-3.0.2.jar;C:\Users\Erisa R. Widiya\.m2\repository\org\checkerframework\checker-qual\3.42.0\checker-qual-3.42.0.jar;C:\Users\Erisa R. Widiya\.m2\repository\com\google\errorprone\error_prone_annotations\2.26.1\error_prone_annotations-2.26.1.jar;C:\Users\Erisa R. Widiya\.m2\repository\com\google\j2objc\j2objc-annotations\3.0.0\j2objc-annotations-3.0.0.jar;C:\Users\Erisa R. Widiya\.m2\repository\io\opentelemetry\semconv\opentelemetry-semconv\1.23.1-alpha\opentelemetry-semconv-1.23.1-alpha.jar;C:\Users\Erisa R. Widiya\.m2\repository\io\opentelemetry\opentelemetry-api\1.36.0\opentelemetry-api-1.36.0.jar;C:\Users\Erisa R. Widiya\.m2\repository\io\opentelemetry\opentelemetry-context\1.36.0\opentelemetry-context-1.36.0.jar;C:\Users\Erisa R. Widiya\.m2\repository\io\opentelemetry\opentelemetry-exporter-logging\1.36.0\opentelemetry-exporter-logging-1.36.0.jar;C:\Users\Erisa R. Widiya\.m2\repository\io\opentelemetry\opentelemetry-sdk-common\1.36.0\opentelemetry-sdk-common-1.36.0.jar;C:\Users\Erisa R. Widiya\.m2\repository\io\opentelemetry\opentelemetry-sdk-extension-autoconfigure-spi\1.36.0\opentelemetry-sdk-extension-autoconfigure-spi-1.36.0.jar;C:\Users\Erisa R. Widiya\.m2\repository\io\opentelemetry\opentelemetry-sdk-extension-autoconfigure\1.36.0\opentelemetry-sdk-extension-autoconfigure-1.36.0.jar;C:\Users\Erisa R. Widiya\.m2\repository\io\opentelemetry\opentelemetry-api-events\1.36.0-alpha\opentelemetry-api-events-1.36.0-alpha.jar;C:\Users\Erisa R. Widiya\.m2\repository\io\opentelemetry\opentelemetry-sdk-trace\1.36.0\opentelemetry-sdk-trace-1.36.0.jar;C:\Users\Erisa R. Widiya\.m2\repository\io\opentelemetry\opentelemetry-extension-incubator\1.36.0-alpha\opentelemetry-extension-incubator-1.36.0-alpha.jar;C:\Users\Erisa R. Widiya\.m2\repository\io\opentelemetry\opentelemetry-sdk\1.36.0\opentelemetry-sdk-1.36.0.jar;C:\Users\Erisa R. Widiya\.m2\repository\io\opentelemetry\opentelemetry-sdk-metrics\1.36.0\opentelemetry-sdk-metrics-1.36.0.jar;C:\Users\Erisa R. Widiya\.m2\repository\io\opentelemetry\opentelemetry-sdk-logs\1.36.0\opentelemetry-sdk-logs-1.36.0.jar;C:\Users\Erisa R. Widiya\.m2\repository\net\bytebuddy\byte-buddy\1.14.12\byte-buddy-1.14.12.jar;C:\Users\Erisa R. Widiya\.m2\repository\org\seleniumhq\selenium\selenium-os\4.19.1\selenium-os-4.19.1.jar;C:\Users\Erisa R. Widiya\.m2\repository\org\apache\commons\commons-exec\1.3\commons-exec-1.3.jar;C:\Users\Erisa R. Widiya\.m2\repository\org\seleniumhq\selenium\selenium-safari-driver\4.19.1\selenium-safari-driver-4.19.1.jar;C:\Users\Erisa R. Widiya\.m2\repository\org\seleniumhq\selenium\selenium-support\4.19.1\selenium-support-4.19.1.jar;"/>
    <property name="sun.cpu.endian" value="little"/>
    <property name="user.home" value="C:\Users\Erisa R. Widiya"/>
    <property name="user.language" value="en"/>
    <property name="java.specification.vendor" value="Oracle Corporation"/>
    <property name="java.version.date" value="2024-01-16"/>
    <property name="java.home" value="C:\Program Files\Java\jdk-21"/>
    <property name="file.separator" value="\"/>
    <property name="basedir" value="C:\Users\Erisa R. Widiya\Desktop\automationScript3"/>
    <property name="java.vm.compressedOopsMode" value="32-bit"/>
    <property name="line.separator" value="&#10;"/>
    <property name="java.vm.specification.vendor" value="Oracle Corporation"/>
    <property name="java.specification.name" value="Java Platform API Specification"/>
    <property name="surefire.real.class.path" value="C:\Users\Erisa R. Widiya\AppData\Local\Temp\surefire6891524567164347123\surefirebooter-20240423183509619_3.jar"/>
    <property name="user.script" value=""/>
    <property name="sun.management.compiler" value="HotSpot 64-Bit Tiered Compilers"/>
    <property name="java.runtime.version" value="21.0.2+13-LTS-58"/>
    <property name="user.name" value="Erisa R. Widiya"/>
    <property name="stdout.encoding" value="Cp1252"/>
    <property name="path.separator" value=";"/>
    <property name="os.version" value="10.0"/>
    <property name="java.runtime.name" value="Java(TM) SE Runtime Environment"/>
    <property name="file.encoding" value="UTF-8"/>
    <property name="java.vm.name" value="Java HotSpot(TM) 64-Bit Server VM"/>
    <property name="localRepository" value="C:\Users\Erisa R. Widiya\.m2\repository"/>
    <property name="java.vendor.url.bug" value="https://bugreport.java.com/bugreport/"/>
    <property name="java.io.tmpdir" value="C:\Users\ERISAR~1.WID\AppData\Local\Temp\"/>
    <property name="java.version" value="21.0.2"/>
    <property name="user.dir" value="C:\Users\Erisa R. Widiya\Desktop\automationScript3"/>
    <property name="os.arch" value="amd64"/>
    <property name="java.vm.specification.name" value="Java Virtual Machine Specification"/>
    <property name="user.language.format" value="id"/>
    <property name="sun.os.patch.level" value=""/>
    <property name="native.encoding" value="Cp1252"/>
    <property name="java.library.path" value="C:\Program Files\Java\jdk-21\bin;C:\WINDOWS\Sun\Java\bin;C:\WINDOWS\system32;C:\WINDOWS;C:\Program Files\Common Files\Oracle\Java\javapath;C:\Python39\Scripts\;C:\Python39\;C:\WINDOWS\system32;C:\WINDOWS;C:\WINDOWS\System32\Wbem;C:\WINDOWS\System32\WindowsPowerShell\v1.0\;C:\WINDOWS\System32\OpenSSH\;C:\ProgramData\chocolatey\bin;C:\WINDOWS\system32;C:\WINDOWS;C:\WINDOWS\System32\Wbem;C:\WINDOWS\System32\WindowsPowerShell\v1.0\;C:\WINDOWS\System32\OpenSSH\;C:\Program Files\Git\cmd;C:\Program Files\Java\jdk-21\bin;C:\Program Files\apache-maven-3.9.6\bin;C:\Users\Erisa R. Widiya\AppData\Local\Programs\Python\Python311\Scripts\;C:\Users\Erisa R. Widiya\AppData\Local\Programs\Python\Python311\;C:\Program Files\MySQL\MySQL Shell 8.0\bin\;C:\Users\Erisa R. Widiya\AppData\Local\Microsoft\WindowsApps;C:\Program Files\apache-maven-3.9.6\bin;;C:\Program Files\JetBrains\IntelliJ IDEA Community Edition 2023.3.4\bin;;C:\Users\Erisa R. Widiya\AppData\Local\Programs\Microsoft VS Code\bin;."/>
    <property name="java.vm.info" value="mixed mode, sharing"/>
    <property name="stderr.encoding" value="Cp1252"/>
    <property name="java.vendor" value="Oracle Corporation"/>
    <property name="java.vm.version" value="21.0.2+13-LTS-58"/>
    <property name="sun.io.unicode.encoding" value="UnicodeLittle"/>
    <property name="java.class.version" value="65.0"/>
  </properties>
  <testcase name="As a user, I want to be able to rent a car" classname="Car rental" time="293.884">
    <system-out><![CDATA[
Scenario: As a user, I want to be able to rent a car                       &amp#27;[90m# features/rentCar.feature:3&amp#27;[0m
  &amp#27;[32mGiven &amp#27;[0m&amp#27;[32mtraveloka landing page&amp#27;[0m                                             &amp#27;[90m# stepDefinitions.RentCarSteps.traveloka_landing_page()&amp#27;[0m
  &amp#27;[32mWhen &amp#27;[0m&amp#27;[32muser go to car rental product&amp#27;[0m                                       &amp#27;[90m# stepDefinitions.RentCarSteps.user_go_to_car_rental_product()&amp#27;[0m
  &amp#27;[32mAnd &amp#27;[0m&amp#27;[32mselect Without Driver option&amp#27;[0m                                         &amp#27;[90m# stepDefinitions.RentCarSteps.select_Without_Driver_option()&amp#27;[0m
  &amp#27;[32mAnd &amp#27;[0m&amp#27;[32menter rental location with Tangerang&amp#27;[0m                                 &amp#27;[90m# stepDefinitions.RentCarSteps.enter_rental_location_with_Tangerang()&amp#27;[0m
  &amp#27;[32mAnd &amp#27;[0m&amp#27;[32mselect rental start date and time&amp#27;[0m                                    &amp#27;[90m# stepDefinitions.RentCarSteps.select_rental_start_date_and_time()&amp#27;[0m
  &amp#27;[32mAnd &amp#27;[0m&amp#27;[32mselect rental end date and time&amp#27;[0m                                      &amp#27;[90m# stepDefinitions.RentCarSteps.select_rental_end_date_and_time()&amp#27;[0m
  &amp#27;[32mAnd &amp#27;[0m&amp#27;[32mclick search icon button&amp#27;[0m                                             &amp#27;[90m# stepDefinitions.RentCarSteps.click_search_icon_button()&amp#27;[0m
  &amp#27;[32mThen &amp#27;[0m&amp#27;[32mpage move to car selection&amp#27;[0m                                          &amp#27;[90m# stepDefinitions.RentCarSteps.page_move_to_car_selection()&amp#27;[0m
  &amp#27;[32mWhen &amp#27;[0m&amp#27;[32muser sort by highest price&amp#27;[0m                                          &amp#27;[90m# stepDefinitions.RentCarSteps.user_sort_by_highest_price()&amp#27;[0m
  &amp#27;[32mAnd &amp#27;[0m&amp#27;[32mselect the most expensive car&amp#27;[0m                                        &amp#27;[90m# stepDefinitions.RentCarSteps.select_the_most_expensive_car()&amp#27;[0m
  &amp#27;[32mAnd &amp#27;[0m&amp#27;[32mselect rental provider&amp#27;[0m                                               &amp#27;[90m# stepDefinitions.RentCarSteps.select_rental_provider()&amp#27;[0m
  &amp#27;[32mAnd &amp#27;[0m&amp#27;[32mchoose pick up location at rental office&amp#27;[0m                             &amp#27;[90m# stepDefinitions.RentCarSteps.choose_pick_up_location_at_rental_office()&amp#27;[0m
  &amp#27;[32mAnd &amp#27;[0m&amp#27;[32mdrop off location at Soekarno Hatta airport&amp#27;[0m                          &amp#27;[90m# stepDefinitions.RentCarSteps.drop_off_location_at_Soekarno_Hatta_airport()&amp#27;[0m
  &amp#27;[32mAnd &amp#27;[0m&amp#27;[32mfill note with &amp#27;[0m&amp#27;[32m&amp#27;[1m"This note is filled by Selenium WebDriver with Java"&amp#27;[0m &amp#27;[90m# stepDefinitions.RentCarSteps.fill_note_with(java.lang.String)&amp#27;[0m
  &amp#27;[32mAnd &amp#27;[0m&amp#27;[32mclick continue&amp#27;[0m                                                       &amp#27;[90m# stepDefinitions.RentCarSteps.click_continue()&amp#27;[0m
  &amp#27;[32mThen &amp#27;[0m&amp#27;[32mpage move to Your Booking&amp#27;[0m                                           &amp#27;[90m# stepDefinitions.RentCarSteps.page_move_to_Your_Booking()&amp#27;[0m
  &amp#27;[32mWhen &amp#27;[0m&amp#27;[32muser fill contact name&amp#27;[0m                                              &amp#27;[90m# stepDefinitions.RentCarSteps.user_fill_contact_name()&amp#27;[0m
  &amp#27;[32mAnd &amp#27;[0m&amp#27;[32mfill contact number&amp#27;[0m                                                  &amp#27;[90m# stepDefinitions.RentCarSteps.fill_contact_number()&amp#27;[0m
  &amp#27;[32mAnd &amp#27;[0m&amp#27;[32mfill contact email&amp#27;[0m                                                   &amp#27;[90m# stepDefinitions.RentCarSteps.fill_contact_email()&amp#27;[0m
  &amp#27;[32mAnd &amp#27;[0m&amp#27;[32mselect driver title&amp#27;[0m                                                  &amp#27;[90m# stepDefinitions.RentCarSteps.select_driver_title()&amp#27;[0m
  &amp#27;[32mAnd &amp#27;[0m&amp#27;[32mfill driver name&amp#27;[0m                                                     &amp#27;[90m# stepDefinitions.RentCarSteps.fill_driver_name()&amp#27;[0m
  &amp#27;[32mAnd &amp#27;[0m&amp#27;[32mfill driver number&amp#27;[0m                                                   &amp#27;[90m# stepDefinitions.RentCarSteps.fill_driver_number()&amp#27;[0m
  &amp#27;[32mAnd &amp#27;[0m&amp#27;[32mclick continue again&amp#27;[0m                                                 &amp#27;[90m# stepDefinitions.RentCarSteps.click_continue_again()&amp#27;[0m
  &amp#27;[32mThen &amp#27;[0m&amp#27;[32muser fill special request&amp#27;[0m                                           &amp#27;[90m# stepDefinitions.RentCarSteps.user_fill_special_request()&amp#27;[0m
  &amp#27;[32mWhen &amp#27;[0m&amp#27;[32muser check all requirements&amp#27;[0m                                         &amp#27;[90m# stepDefinitions.RentCarSteps.user_check_all_requirements()&amp#27;[0m
  &amp#27;[32mAnd &amp#27;[0m&amp#27;[32mcontinue to payment&amp#27;[0m                                                  &amp#27;[90m# stepDefinitions.RentCarSteps.continue_to_payment()&amp#27;[0m
  &amp#27;[32mAnd &amp#27;[0m&amp#27;[32mselect payment method&amp#27;[0m                                                &amp#27;[90m# stepDefinitions.RentCarSteps.select_payment_method()&amp#27;[0m
  &amp#27;[32mThen &amp#27;[0m&amp#27;[32muser proceed to pay&amp#27;[0m                                                 &amp#27;[90m# stepDefinitions.RentCarSteps.user_proceed_to_pay()&amp#27;[0m
]]></system-out>
    <system-err><![CDATA[Apr 23, 2024 6:35:21 PM org.openqa.selenium.devtools.CdpVersionFinder findNearestMatch
WARNING: Unable to find an exact match for CDP version 124, returning the closest version; found: 123; Please update to a Selenium version that supports CDP version 124
Apr 23, 2024 6:40:08 PM org.openqa.selenium.remote.http.WebSocket$Listener onError
WARNING: Connection reset
java.net.SocketException: Connection reset
	at java.base/sun.nio.ch.SocketChannelImpl.throwConnectionReset(SocketChannelImpl.java:401)
	at java.base/sun.nio.ch.SocketChannelImpl.read(SocketChannelImpl.java:434)
	at java.net.http/jdk.internal.net.http.SocketTube.readAvailable(SocketTube.java:1178)
	at java.net.http/jdk.internal.net.http.SocketTube$InternalReadPublisher$InternalReadSubscription.read(SocketTube.java:841)
	at java.net.http/jdk.internal.net.http.SocketTube$SocketFlowTask.run(SocketTube.java:181)
	at java.net.http/jdk.internal.net.http.common.SequentialScheduler$SchedulableTask.run(SequentialScheduler.java:207)
	at java.net.http/jdk.internal.net.http.common.SequentialScheduler.runOrSchedule(SequentialScheduler.java:280)
	at java.net.http/jdk.internal.net.http.common.SequentialScheduler.runOrSchedule(SequentialScheduler.java:233)
	at java.net.http/jdk.internal.net.http.SocketTube$InternalReadPublisher$InternalReadSubscription.signalReadable(SocketTube.java:782)
	at java.net.http/jdk.internal.net.http.SocketTube$InternalReadPublisher$ReadEvent.signalEvent(SocketTube.java:965)
	at java.net.http/jdk.internal.net.http.SocketTube$SocketFlowEvent.handle(SocketTube.java:253)
	at java.net.http/jdk.internal.net.http.HttpClientImpl$SelectorManager.handleEvent(HttpClientImpl.java:1467)
	at java.net.http/jdk.internal.net.http.HttpClientImpl$SelectorManager.lambda$run$3(HttpClientImpl.java:1412)
	at java.base/java.util.ArrayList.forEach(ArrayList.java:1596)
	at java.net.http/jdk.internal.net.http.HttpClientImpl$SelectorManager.run(HttpClientImpl.java:1412)

]]></system-err>
  </testcase>
</testsuite>